<?xml version="1.0" encoding="UTF-8"?>
<!-- Generated by org.testng.reporters.JUnitReportReporter -->
<testsuite hostname="DESKTOP-RLOH39C" name="tests.NewUsersAndFilters" tests="3" failures="0" timestamp="21 Jan 2019 03:07:08 GMT" time="27.719" errors="0">
  <testcase name="createNewUser" time="8.334" classname="tests.NewUsersAndFilters"/>
  <testcase name="userFilters" time="10.581" classname="tests.NewUsersAndFilters"/>
  <testcase name="negativeTest" time="8.804" classname="tests.NewUsersAndFilters"/>
</testsuite> <!-- tests.NewUsersAndFilters -->
