<?xml version="1.0" encoding="UTF-8"?>
<!-- Generated by org.testng.reporters.JUnitReportReporter -->
<testsuite hostname="DESKTOP-RLOH39C" name="tests.NewUsersAndFilters" tests="3" failures="0" timestamp="18 Jan 2019 13:09:12 GMT" time="37.187" errors="0">
  <testcase name="negativeTest" time="8.907" classname="tests.NewUsersAndFilters"/>
  <testcase name="createNewUser" time="19.058" classname="tests.NewUsersAndFilters"/>
  <testcase name="userFilters" time="9.222" classname="tests.NewUsersAndFilters"/>
</testsuite> <!-- tests.NewUsersAndFilters -->
